<?xml version="1.0" encoding="UTF-8"?>
<coverage generated="1778017681630" clover="3.2.0">
  <project timestamp="1778017681631" name="All files">
    <metrics statements="44" coveredstatements="39" conditionals="38" coveredconditionals="31" methods="28" coveredmethods="21" elements="110" coveredelements="91" complexity="0" loc="44" ncloc="44" packages="2" files="5" classes="5"/>
    <package name="components.ui">
      <metrics statements="36" coveredstatements="31" conditionals="28" coveredconditionals="21" methods="24" coveredmethods="17"/>
      <file name="BookCard.jsx" path="D:\уир\ИТиВП\BookLibrary\my-react-app\src\components\ui\BookCard.jsx">
        <metrics statements="19" coveredstatements="14" conditionals="16" coveredconditionals="11" methods="10" coveredmethods="6"/>
        <line num="4" count="23" type="stmt"/>
        <line num="5" count="4" type="cond" truecount="3" falsecount="1"/>
        <line num="6" count="4" type="stmt"/>
        <line num="10" count="23" type="stmt"/>
        <line num="11" count="1" type="cond" truecount="1" falsecount="1"/>
        <line num="12" count="1" type="stmt"/>
        <line num="16" count="23" type="stmt"/>
        <line num="17" count="23" type="stmt"/>
        <line num="18" count="23" type="stmt"/>
        <line num="21" count="23" type="stmt"/>
        <line num="32" count="23" type="stmt"/>
        <line num="36" count="3" type="stmt"/>
        <line num="37" count="3" type="stmt"/>
        <line num="40" count="0" type="stmt"/>
        <line num="41" count="0" type="stmt"/>
        <line num="73" count="3" type="cond" truecount="1" falsecount="1"/>
        <line num="74" count="0" type="cond" truecount="0" falsecount="2"/>
        <line num="89" count="0" type="stmt"/>
        <line num="90" count="0" type="stmt"/>
      </file>
      <file name="BookStatus.jsx" path="D:\уир\ИТиВП\BookLibrary\my-react-app\src\components\ui\BookStatus.jsx">
        <metrics statements="3" coveredstatements="3" conditionals="2" coveredconditionals="2" methods="1" coveredmethods="1"/>
        <line num="2" count="23" type="cond" truecount="2" falsecount="0"/>
        <line num="6" count="23" type="stmt"/>
        <line num="18" count="23" type="stmt"/>
      </file>
      <file name="Bookshelf.jsx" path="D:\уир\ИТиВП\BookLibrary\my-react-app\src\components\ui\Bookshelf.jsx">
        <metrics statements="12" coveredstatements="12" conditionals="6" coveredconditionals="4" methods="11" coveredmethods="8"/>
        <line num="5" count="6" type="stmt"/>
        <line num="7" count="6" type="stmt"/>
        <line num="8" count="2" type="cond" truecount="1" falsecount="1"/>
        <line num="9" count="2" type="stmt"/>
        <line num="10" count="2" type="cond" truecount="1" falsecount="1"/>
        <line num="14" count="6" type="stmt"/>
        <line num="15" count="1" type="stmt"/>
        <line num="18" count="6" type="stmt"/>
        <line num="25" count="12" type="stmt"/>
        <line num="26" count="2" type="stmt"/>
        <line num="38" count="2" type="stmt"/>
        <line num="39" count="1" type="stmt"/>
      </file>
      <file name="SearchResults.jsx" path="D:\уир\ИТиВП\BookLibrary\my-react-app\src\components\ui\SearchResults.jsx">
        <metrics statements="2" coveredstatements="2" conditionals="4" coveredconditionals="4" methods="2" coveredmethods="2"/>
        <line num="4" count="3" type="stmt"/>
        <line num="12" count="4" type="stmt"/>
      </file>
    </package>
    <package name="utils">
      <metrics statements="8" coveredstatements="8" conditionals="10" coveredconditionals="10" methods="4" coveredmethods="4"/>
      <file name="libraryUtils.js" path="D:\уир\ИТиВП\BookLibrary\my-react-app\src\utils\libraryUtils.js">
        <metrics statements="8" coveredstatements="8" conditionals="10" coveredconditionals="10" methods="4" coveredmethods="4"/>
        <line num="7" count="1" type="stmt"/>
        <line num="8" count="5" type="cond" truecount="4" falsecount="0"/>
        <line num="9" count="3" type="stmt"/>
        <line num="10" count="3" type="stmt"/>
        <line num="11" count="12" type="cond" truecount="2" falsecount="0"/>
        <line num="22" count="1" type="stmt"/>
        <line num="23" count="4" type="cond" truecount="4" falsecount="0"/>
        <line num="24" count="8" type="stmt"/>
      </file>
    </package>
  </project>
</coverage>
