{"D:\\уир\\ИТиВП\\BookLibrary\\my-react-app\\src\\components\\ui\\BookCard.jsx": {"path":"D:\\уир\\ИТиВП\\BookLibrary\\my-react-app\\src\\components\\ui\\BookCard.jsx","statementMap":{"0":{"start":{"line":4,"column":23},"end":{"line":8,"column":3}},"1":{"start":{"line":5,"column":4},"end":{"line":7,"column":5}},"2":{"start":{"line":6,"column":6},"end":{"line":6,"column":24}},"3":{"start":{"line":10,"column":24},"end":{"line":14,"column":3}},"4":{"start":{"line":11,"column":4},"end":{"line":13,"column":5}},"5":{"start":{"line":12,"column":6},"end":{"line":12,"column":22}},"6":{"start":{"line":16,"column":22},"end":{"line":19,"column":3}},"7":{"start":{"line":17,"column":17},"end":{"line":17,"column":35}},"8":{"start":{"line":18,"column":4},"end":{"line":18,"column":51}},"9":{"start":{"line":21,"column":20},"end":{"line":30,"column":3}},"10":{"start":{"line":32,"column":2},"end":{"line":96,"column":4}},"11":{"start":{"line":36,"column":8},"end":{"line":36,"column":61}},"12":{"start":{"line":37,"column":8},"end":{"line":37,"column":72}},"13":{"start":{"line":40,"column":8},"end":{"line":40,"column":58}},"14":{"start":{"line":41,"column":8},"end":{"line":41,"column":70}},"15":{"start":{"line":73,"column":33},"end":{"line":73,"column":84}},"16":{"start":{"line":73,"column":53},"end":{"line":73,"column":84}},"17":{"start":{"line":74,"column":33},"end":{"line":74,"column":82}},"18":{"start":{"line":74,"column":53},"end":{"line":74,"column":82}},"19":{"start":{"line":89,"column":31},"end":{"line":89,"column":73}},"20":{"start":{"line":90,"column":31},"end":{"line":90,"column":73}}},"fnMap":{"0":{"name":"BookCard","decl":{"start":{"line":3,"column":9},"end":{"line":3,"column":17}},"loc":{"start":{"line":3,"column":49},"end":{"line":97,"column":1}},"line":3},"1":{"name":"(anonymous_1)","decl":{"start":{"line":4,"column":23},"end":{"line":4,"column":24}},"loc":{"start":{"line":4,"column":29},"end":{"line":8,"column":3}},"line":4},"2":{"name":"(anonymous_2)","decl":{"start":{"line":10,"column":24},"end":{"line":10,"column":25}},"loc":{"start":{"line":10,"column":30},"end":{"line":14,"column":3}},"line":10},"3":{"name":"(anonymous_3)","decl":{"start":{"line":16,"column":22},"end":{"line":16,"column":23}},"loc":{"start":{"line":16,"column":34},"end":{"line":19,"column":3}},"line":16},"4":{"name":"(anonymous_4)","decl":{"start":{"line":35,"column":20},"end":{"line":35,"column":21}},"loc":{"start":{"line":35,"column":27},"end":{"line":38,"column":7}},"line":35},"5":{"name":"(anonymous_5)","decl":{"start":{"line":39,"column":20},"end":{"line":39,"column":21}},"loc":{"start":{"line":39,"column":27},"end":{"line":42,"column":7}},"line":39},"6":{"name":"(anonymous_6)","decl":{"start":{"line":73,"column":24},"end":{"line":73,"column":25}},"loc":{"start":{"line":73,"column":31},"end":{"line":73,"column":86}},"line":73},"7":{"name":"(anonymous_7)","decl":{"start":{"line":74,"column":24},"end":{"line":74,"column":25}},"loc":{"start":{"line":74,"column":31},"end":{"line":74,"column":84}},"line":74},"8":{"name":"(anonymous_8)","decl":{"start":{"line":89,"column":24},"end":{"line":89,"column":25}},"loc":{"start":{"line":89,"column":31},"end":{"line":89,"column":73}},"line":89},"9":{"name":"(anonymous_9)","decl":{"start":{"line":90,"column":24},"end":{"line":90,"column":25}},"loc":{"start":{"line":90,"column":31},"end":{"line":90,"column":73}},"line":90}},"branchMap":{"0":{"loc":{"start":{"line":5,"column":4},"end":{"line":7,"column":5}},"type":"if","locations":[{"start":{"line":5,"column":4},"end":{"line":7,"column":5}},{"start":{},"end":{}}],"line":5},"1":{"loc":{"start":{"line":5,"column":8},"end":{"line":5,"column":34}},"type":"binary-expr","locations":[{"start":{"line":5,"column":8},"end":{"line":5,"column":22}},{"start":{"line":5,"column":26},"end":{"line":5,"column":34}}],"line":5},"2":{"loc":{"start":{"line":11,"column":4},"end":{"line":13,"column":5}},"type":"if","locations":[{"start":{"line":11,"column":4},"end":{"line":13,"column":5}},{"start":{},"end":{}}],"line":11},"3":{"loc":{"start":{"line":67,"column":20},"end":{"line":67,"column":62}},"type":"cond-expr","locations":[{"start":{"line":67,"column":37},"end":{"line":67,"column":46}},{"start":{"line":67,"column":49},"end":{"line":67,"column":62}}],"line":67},"4":{"loc":{"start":{"line":68,"column":29},"end":{"line":68,"column":64}},"type":"cond-expr","locations":[{"start":{"line":68,"column":46},"end":{"line":68,"column":55}},{"start":{"line":68,"column":58},"end":{"line":68,"column":64}}],"line":68},"5":{"loc":{"start":{"line":73,"column":33},"end":{"line":73,"column":84}},"type":"if","locations":[{"start":{"line":73,"column":33},"end":{"line":73,"column":84}},{"start":{},"end":{}}],"line":73},"6":{"loc":{"start":{"line":74,"column":33},"end":{"line":74,"column":82}},"type":"if","locations":[{"start":{"line":74,"column":33},"end":{"line":74,"column":82}},{"start":{},"end":{}}],"line":74},"7":{"loc":{"start":{"line":76,"column":11},"end":{"line":76,"column":56}},"type":"cond-expr","locations":[{"start":{"line":76,"column":28},"end":{"line":76,"column":41}},{"start":{"line":76,"column":44},"end":{"line":76,"column":56}}],"line":76}},"s":{"0":28,"1":4,"2":4,"3":28,"4":1,"5":1,"6":28,"7":28,"8":28,"9":28,"10":28,"11":4,"12":4,"13":1,"14":1,"15":3,"16":3,"17":0,"18":0,"19":0,"20":0},"f":{"0":28,"1":4,"2":1,"3":28,"4":4,"5":1,"6":3,"7":0,"8":0,"9":0},"b":{"0":[4,0],"1":[4,4],"2":[1,0],"3":[26,2],"4":[26,2],"5":[3,0],"6":[0,0],"7":[26,2]},"_coverageSchema":"1a1c01bbd47fc00a2c39e90264f33305004495a9","hash":"63bf0bcf0894e9c9061ae4f747ec4fb480573cc1"}
,"D:\\уир\\ИТиВП\\BookLibrary\\my-react-app\\src\\components\\ui\\BookStatus.jsx": {"path":"D:\\уир\\ИТиВП\\BookLibrary\\my-react-app\\src\\components\\ui\\BookStatus.jsx","statementMap":{"0":{"start":{"line":2,"column":21},"end":{"line":4,"column":73}},"1":{"start":{"line":6,"column":16},"end":{"line":16,"column":3}},"2":{"start":{"line":18,"column":2},"end":{"line":22,"column":4}}},"fnMap":{"0":{"name":"BookStatus","decl":{"start":{"line":1,"column":9},"end":{"line":1,"column":19}},"loc":{"start":{"line":1,"column":35},"end":{"line":23,"column":1}},"line":1}},"branchMap":{"0":{"loc":{"start":{"line":2,"column":21},"end":{"line":4,"column":73}},"type":"cond-expr","locations":[{"start":{"line":3,"column":6},"end":{"line":3,"column":76}},{"start":{"line":4,"column":6},"end":{"line":4,"column":73}}],"line":2}},"s":{"0":28,"1":28,"2":28},"f":{"0":28},"b":{"0":[26,2]},"_coverageSchema":"1a1c01bbd47fc00a2c39e90264f33305004495a9","hash":"e9ac8027e859236601354defcdb7f8bf66c8c329"}
,"D:\\уир\\ИТиВП\\BookLibrary\\my-react-app\\src\\components\\ui\\Bookshelf.jsx": {"path":"D:\\уир\\ИТиВП\\BookLibrary\\my-react-app\\src\\components\\ui\\Bookshelf.jsx","statementMap":{"0":{"start":{"line":5,"column":32},"end":{"line":5,"column":44}},"1":{"start":{"line":7,"column":25},"end":{"line":12,"column":3}},"2":{"start":{"line":8,"column":4},"end":{"line":11,"column":5}},"3":{"start":{"line":8,"column":27},"end":{"line":8,"column":43}},"4":{"start":{"line":9,"column":6},"end":{"line":9,"column":37}},"5":{"start":{"line":10,"column":6},"end":{"line":10,"column":38}},"6":{"start":{"line":10,"column":20},"end":{"line":10,"column":38}},"7":{"start":{"line":14,"column":30},"end":{"line":16,"column":3}},"8":{"start":{"line":15,"column":4},"end":{"line":15,"column":59}},"9":{"start":{"line":15,"column":38},"end":{"line":15,"column":56}},"10":{"start":{"line":18,"column":2},"end":{"line":46,"column":4}},"11":{"start":{"line":25,"column":12},"end":{"line":27,"column":18}},"12":{"start":{"line":26,"column":52},"end":{"line":26,"column":72}},"13":{"start":{"line":38,"column":14},"end":{"line":40,"column":20}},"14":{"start":{"line":39,"column":54},"end":{"line":39,"column":82}}},"fnMap":{"0":{"name":"Bookshelf","decl":{"start":{"line":4,"column":9},"end":{"line":4,"column":18}},"loc":{"start":{"line":4,"column":49},"end":{"line":47,"column":1}},"line":4},"1":{"name":"(anonymous_1)","decl":{"start":{"line":7,"column":25},"end":{"line":7,"column":26}},"loc":{"start":{"line":7,"column":35},"end":{"line":12,"column":3}},"line":7},"2":{"name":"(anonymous_2)","decl":{"start":{"line":8,"column":22},"end":{"line":8,"column":23}},"loc":{"start":{"line":8,"column":27},"end":{"line":8,"column":43}},"line":8},"3":{"name":"(anonymous_3)","decl":{"start":{"line":14,"column":30},"end":{"line":14,"column":31}},"loc":{"start":{"line":14,"column":42},"end":{"line":16,"column":3}},"line":14},"4":{"name":"(anonymous_4)","decl":{"start":{"line":15,"column":30},"end":{"line":15,"column":31}},"loc":{"start":{"line":15,"column":38},"end":{"line":15,"column":56}},"line":15},"5":{"name":"(anonymous_5)","decl":{"start":{"line":24,"column":30},"end":{"line":24,"column":31}},"loc":{"start":{"line":25,"column":12},"end":{"line":27,"column":18}},"line":25},"6":{"name":"(anonymous_6)","decl":{"start":{"line":26,"column":46},"end":{"line":26,"column":47}},"loc":{"start":{"line":26,"column":52},"end":{"line":26,"column":72}},"line":26},"7":{"name":"(anonymous_7)","decl":{"start":{"line":26,"column":85},"end":{"line":26,"column":86}},"loc":{"start":{"line":26,"column":91},"end":{"line":26,"column":93}},"line":26},"8":{"name":"(anonymous_8)","decl":{"start":{"line":37,"column":25},"end":{"line":37,"column":26}},"loc":{"start":{"line":38,"column":14},"end":{"line":40,"column":20}},"line":38},"9":{"name":"(anonymous_9)","decl":{"start":{"line":39,"column":48},"end":{"line":39,"column":49}},"loc":{"start":{"line":39,"column":54},"end":{"line":39,"column":82}},"line":39},"10":{"name":"(anonymous_10)","decl":{"start":{"line":39,"column":95},"end":{"line":39,"column":96}},"loc":{"start":{"line":39,"column":101},"end":{"line":39,"column":103}},"line":39}},"branchMap":{"0":{"loc":{"start":{"line":8,"column":4},"end":{"line":11,"column":5}},"type":"if","locations":[{"start":{"line":8,"column":4},"end":{"line":11,"column":5}},{"start":{},"end":{}}],"line":8},"1":{"loc":{"start":{"line":10,"column":6},"end":{"line":10,"column":38}},"type":"if","locations":[{"start":{"line":10,"column":6},"end":{"line":10,"column":38}},{"start":{},"end":{}}],"line":10},"2":{"loc":{"start":{"line":33,"column":9},"end":{"line":43,"column":9}},"type":"cond-expr","locations":[{"start":{"line":34,"column":10},"end":{"line":34,"column":45}},{"start":{"line":36,"column":10},"end":{"line":42,"column":16}}],"line":33}},"s":{"0":6,"1":6,"2":2,"3":0,"4":2,"5":2,"6":2,"7":6,"8":1,"9":1,"10":6,"11":12,"12":2,"13":2,"14":1},"f":{"0":6,"1":2,"2":0,"3":1,"4":1,"5":12,"6":2,"7":0,"8":2,"9":1,"10":0},"b":{"0":[2,0],"1":[2,0],"2":[4,2]},"_coverageSchema":"1a1c01bbd47fc00a2c39e90264f33305004495a9","hash":"c0a907f9a59c5ef02672c8d1a02cde43aae51a4d"}
,"D:\\уир\\ИТиВП\\BookLibrary\\my-react-app\\src\\components\\ui\\SearchResults.jsx": {"path":"D:\\уир\\ИТиВП\\BookLibrary\\my-react-app\\src\\components\\ui\\SearchResults.jsx","statementMap":{"0":{"start":{"line":4,"column":2},"end":{"line":22,"column":4}},"1":{"start":{"line":12,"column":12},"end":{"line":17,"column":14}}},"fnMap":{"0":{"name":"SearchResults","decl":{"start":{"line":3,"column":9},"end":{"line":3,"column":22}},"loc":{"start":{"line":3,"column":68},"end":{"line":23,"column":1}},"line":3},"1":{"name":"(anonymous_1)","decl":{"start":{"line":11,"column":21},"end":{"line":11,"column":22}},"loc":{"start":{"line":12,"column":12},"end":{"line":17,"column":14}},"line":12}},"branchMap":{"0":{"loc":{"start":{"line":6,"column":28},"end":{"line":6,"column":63}},"type":"binary-expr","locations":[{"start":{"line":6,"column":28},"end":{"line":6,"column":39}},{"start":{"line":6,"column":43},"end":{"line":6,"column":63}}],"line":6},"1":{"loc":{"start":{"line":7,"column":7},"end":{"line":20,"column":7}},"type":"cond-expr","locations":[{"start":{"line":8,"column":8},"end":{"line":8,"column":32}},{"start":{"line":10,"column":8},"end":{"line":19,"column":14}}],"line":7}},"s":{"0":3,"1":4},"f":{"0":3,"1":4},"b":{"0":[3,2],"1":[1,2]},"_coverageSchema":"1a1c01bbd47fc00a2c39e90264f33305004495a9","hash":"662f0f1c21410a16ed4b9093170866b0b911a248"}
,"D:\\уир\\ИТиВП\\BookLibrary\\my-react-app\\src\\utils\\libraryUtils.js": {"path":"D:\\уир\\ИТиВП\\BookLibrary\\my-react-app\\src\\utils\\libraryUtils.js","statementMap":{"0":{"start":{"line":6,"column":27},"end":{"line":13,"column":1}},"1":{"start":{"line":7,"column":2},"end":{"line":7,"column":50}},"2":{"start":{"line":7,"column":37},"end":{"line":7,"column":50}},"3":{"start":{"line":8,"column":21},"end":{"line":8,"column":40}},"4":{"start":{"line":9,"column":2},"end":{"line":12,"column":4}},"5":{"start":{"line":10,"column":4},"end":{"line":11,"column":50}},"6":{"start":{"line":20,"column":29},"end":{"line":23,"column":1}},"7":{"start":{"line":21,"column":2},"end":{"line":21,"column":52}},"8":{"start":{"line":21,"column":39},"end":{"line":21,"column":52}},"9":{"start":{"line":22,"column":2},"end":{"line":22,"column":52}},"10":{"start":{"line":22,"column":30},"end":{"line":22,"column":50}}},"fnMap":{"0":{"name":"(anonymous_0)","decl":{"start":{"line":6,"column":27},"end":{"line":6,"column":28}},"loc":{"start":{"line":6,"column":45},"end":{"line":13,"column":1}},"line":6},"1":{"name":"(anonymous_1)","decl":{"start":{"line":9,"column":22},"end":{"line":9,"column":23}},"loc":{"start":{"line":10,"column":4},"end":{"line":11,"column":50}},"line":10},"2":{"name":"(anonymous_2)","decl":{"start":{"line":20,"column":29},"end":{"line":20,"column":30}},"loc":{"start":{"line":20,"column":47},"end":{"line":23,"column":1}},"line":20},"3":{"name":"(anonymous_3)","decl":{"start":{"line":22,"column":22},"end":{"line":22,"column":23}},"loc":{"start":{"line":22,"column":30},"end":{"line":22,"column":50}},"line":22}},"branchMap":{"0":{"loc":{"start":{"line":7,"column":2},"end":{"line":7,"column":50}},"type":"if","locations":[{"start":{"line":7,"column":2},"end":{"line":7,"column":50}},{"start":{},"end":{}}],"line":7},"1":{"loc":{"start":{"line":7,"column":6},"end":{"line":7,"column":35}},"type":"binary-expr","locations":[{"start":{"line":7,"column":6},"end":{"line":7,"column":12}},{"start":{"line":7,"column":16},"end":{"line":7,"column":35}}],"line":7},"2":{"loc":{"start":{"line":10,"column":4},"end":{"line":11,"column":50}},"type":"binary-expr","locations":[{"start":{"line":10,"column":4},"end":{"line":10,"column":49}},{"start":{"line":11,"column":4},"end":{"line":11,"column":50}}],"line":10},"3":{"loc":{"start":{"line":21,"column":2},"end":{"line":21,"column":52}},"type":"if","locations":[{"start":{"line":21,"column":2},"end":{"line":21,"column":52}},{"start":{},"end":{}}],"line":21},"4":{"loc":{"start":{"line":21,"column":6},"end":{"line":21,"column":37}},"type":"binary-expr","locations":[{"start":{"line":21,"column":6},"end":{"line":21,"column":12}},{"start":{"line":21,"column":16},"end":{"line":21,"column":37}}],"line":21}},"s":{"0":1,"1":5,"2":2,"3":3,"4":3,"5":12,"6":1,"7":4,"8":2,"9":2,"10":8},"f":{"0":5,"1":12,"2":4,"3":8},"b":{"0":[2,3],"1":[5,4],"2":[12,11],"3":[2,2],"4":[4,3]},"_coverageSchema":"1a1c01bbd47fc00a2c39e90264f33305004495a9","hash":"7b38270c9e8a15644c1032d1caa6e04ac6e4ff89"}
}
