TN:
SF:src\components\ui\BookCard.jsx
FN:3,BookCard
FN:4,(anonymous_1)
FN:10,(anonymous_2)
FN:16,(anonymous_3)
FN:35,(anonymous_4)
FN:39,(anonymous_5)
FN:73,(anonymous_6)
FN:74,(anonymous_7)
FN:89,(anonymous_8)
FN:90,(anonymous_9)
FNF:10
FNH:7
FNDA:28,BookCard
FNDA:4,(anonymous_1)
FNDA:1,(anonymous_2)
FNDA:28,(anonymous_3)
FNDA:4,(anonymous_4)
FNDA:1,(anonymous_5)
FNDA:3,(anonymous_6)
FNDA:0,(anonymous_7)
FNDA:0,(anonymous_8)
FNDA:0,(anonymous_9)
DA:4,28
DA:5,4
DA:6,4
DA:10,28
DA:11,1
DA:12,1
DA:16,28
DA:17,28
DA:18,28
DA:21,28
DA:32,28
DA:36,4
DA:37,4
DA:40,1
DA:41,1
DA:73,3
DA:74,0
DA:89,0
DA:90,0
LF:19
LH:16
BRDA:5,0,0,4
BRDA:5,0,1,0
BRDA:5,1,0,4
BRDA:5,1,1,4
BRDA:11,2,0,1
BRDA:11,2,1,0
BRDA:67,3,0,26
BRDA:67,3,1,2
BRDA:68,4,0,26
BRDA:68,4,1,2
BRDA:73,5,0,3
BRDA:73,5,1,0
BRDA:74,6,0,0
BRDA:74,6,1,0
BRDA:76,7,0,26
BRDA:76,7,1,2
BRF:16
BRH:11
end_of_record
TN:
SF:src\components\ui\BookStatus.jsx
FN:1,BookStatus
FNF:1
FNH:1
FNDA:28,BookStatus
DA:2,28
DA:6,28
DA:18,28
LF:3
LH:3
BRDA:2,0,0,26
BRDA:2,0,1,2
BRF:2
BRH:2
end_of_record
TN:
SF:src\components\ui\Bookshelf.jsx
FN:4,Bookshelf
FN:7,(anonymous_1)
FN:8,(anonymous_2)
FN:14,(anonymous_3)
FN:15,(anonymous_4)
FN:24,(anonymous_5)
FN:26,(anonymous_6)
FN:26,(anonymous_7)
FN:37,(anonymous_8)
FN:39,(anonymous_9)
FN:39,(anonymous_10)
FNF:11
FNH:8
FNDA:6,Bookshelf
FNDA:2,(anonymous_1)
FNDA:0,(anonymous_2)
FNDA:1,(anonymous_3)
FNDA:1,(anonymous_4)
FNDA:12,(anonymous_5)
FNDA:2,(anonymous_6)
FNDA:0,(anonymous_7)
FNDA:2,(anonymous_8)
FNDA:1,(anonymous_9)
FNDA:0,(anonymous_10)
DA:5,6
DA:7,6
DA:8,2
DA:9,2
DA:10,2
DA:14,6
DA:15,1
DA:18,6
DA:25,12
DA:26,2
DA:38,2
DA:39,1
LF:12
LH:12
BRDA:8,0,0,2
BRDA:8,0,1,0
BRDA:10,1,0,2
BRDA:10,1,1,0
BRDA:33,2,0,4
BRDA:33,2,1,2
BRF:6
BRH:4
end_of_record
TN:
SF:src\components\ui\SearchResults.jsx
FN:3,SearchResults
FN:11,(anonymous_1)
FNF:2
FNH:2
FNDA:3,SearchResults
FNDA:4,(anonymous_1)
DA:4,3
DA:12,4
LF:2
LH:2
BRDA:6,0,0,3
BRDA:6,0,1,2
BRDA:7,1,0,1
BRDA:7,1,1,2
BRF:4
BRH:4
end_of_record
TN:
SF:src\utils\libraryUtils.js
FN:6,(anonymous_0)
FN:9,(anonymous_1)
FN:20,(anonymous_2)
FN:22,(anonymous_3)
FNF:4
FNH:4
FNDA:5,(anonymous_0)
FNDA:12,(anonymous_1)
FNDA:4,(anonymous_2)
FNDA:8,(anonymous_3)
DA:6,1
DA:7,5
DA:8,3
DA:9,3
DA:10,12
DA:20,1
DA:21,4
DA:22,8
LF:8
LH:8
BRDA:7,0,0,2
BRDA:7,0,1,3
BRDA:7,1,0,5
BRDA:7,1,1,4
BRDA:10,2,0,12
BRDA:10,2,1,11
BRDA:21,3,0,2
BRDA:21,3,1,2
BRDA:21,4,0,4
BRDA:21,4,1,3
BRF:10
BRH:10
end_of_record
